Using pre-set license
Built from '2020.3/staging' branch; Version is '2020.3.37f1 (8c66806a0c04) revision 9201280'; Using compiler version '192528614'; Build Type 'Release'
OS: 'Windows 11  (10.0.22000) 64bit Core' Language: 'en' Physical Memory: 15713 MB
BatchMode: 1, IsHumanControllingUs: 0, StartBugReporterOnCrash: 0, Is64bit: 1, IsPro: 0

COMMAND LINE ARGUMENTS:
C:\Program Files\Unity\Hub\Editor\2020.3.37f1\Editor\Unity.exe
-adb2
-batchMode
-noUpm
-name
AssetImportWorker0
-projectPath
C:/Users/LUAYLABIB/Documents/puzzle-main1
-logFile
Logs/AssetImportWorker0.log
-srvPort
52827
Successfully changed project path to: C:/Users/LUAYLABIB/Documents/puzzle-main1
C:/Users/LUAYLABIB/Documents/puzzle-main1
Using Asset Import Pipeline V2.
Refreshing native plugins compatible for Editor in 83.98 ms, found 3 plugins.
Preloading 0 native plugins for Editor in 0.00 ms.
Initialize engine version: 2020.3.37f1 (8c66806a0c04)
[Subsystems] Discovering subsystems at path C:/Program Files/Unity/Hub/Editor/2020.3.37f1/Editor/Data/Resources/UnitySubsystems
[Subsystems] Discovering subsystems at path C:/Users/LUAYLABIB/Documents/puzzle-main1/Assets
GfxDevice: creating device client; threaded=0
Direct3D:
    Version:  Direct3D 11.0 [level 11.1]
    Renderer: AMD Radeon(TM) Graphics (ID=0x164c)
    Vendor:   
    VRAM:     7856 MB
    Driver:   30.0.14056.5001
Initialize mono
Mono path[0] = 'C:/Program Files/Unity/Hub/Editor/2020.3.37f1/Editor/Data/Managed'
Mono path[1] = 'C:/Program Files/Unity/Hub/Editor/2020.3.37f1/Editor/Data/MonoBleedingEdge/lib/mono/unityjit'
Mono config path = 'C:/Program Files/Unity/Hub/Editor/2020.3.37f1/Editor/Data/MonoBleedingEdge/etc'
Using monoOptions --debugger-agent=transport=dt_socket,embedding=1,server=y,suspend=n,address=127.0.0.1:56388
Begin MonoManager ReloadAssembly
Registering precompiled unity dll's ...
Register platform support module: C:/Program Files/Unity/Hub/Editor/2020.3.37f1/Editor/Data/PlaybackEngines/WindowsStandaloneSupport/UnityEditor.WindowsStandalone.Extensions.dll
Registered in 0.003551 seconds.
Native extension for WindowsStandalone target not found
Refreshing native plugins compatible for Editor in 84.50 ms, found 3 plugins.
Preloading 0 native plugins for Editor in 0.00 ms.
Mono: successfully reloaded assembly
- Completed reload, in  1.378 seconds
Domain Reload Profiling:
	ReloadAssembly (1378ms)
		BeginReloadAssembly (95ms)
			ExecutionOrderSort (0ms)
			DisableScriptedObjects (0ms)
			BackupInstance (0ms)
			ReleaseScriptingObjects (0ms)
			CreateAndSetChildDomain (1ms)
		EndReloadAssembly (947ms)
			LoadAssemblies (92ms)
			RebuildTransferFunctionScriptingTraits (0ms)
			SetupTypeCache (473ms)
			ReleaseScriptCaches (0ms)
			RebuildScriptCaches (45ms)
			SetupLoadedEditorAssemblies (281ms)
				LogAssemblyErrors (0ms)
				InitializePlatformSupportModulesInManaged (6ms)
				SetLoadedEditorAssemblies (0ms)
				RefreshPlugins (85ms)
				BeforeProcessingInitializeOnLoad (18ms)
				ProcessInitializeOnLoadAttributes (125ms)
				ProcessInitializeOnLoadMethodAttributes (48ms)
				AfterProcessingInitializeOnLoad (0ms)
				EditorAssembliesLoaded (0ms)
			ExecutionOrderSort2 (0ms)
			AwakeInstancesAfterBackupRestoration (0ms)
Platform modules already initialized, skipping
Registering precompiled user dll's ...
Registered in 0.003713 seconds.
Begin MonoManager ReloadAssembly
Native extension for WindowsStandalone target not found
Refreshing native plugins compatible for Editor in 82.36 ms, found 3 plugins.
Preloading 0 native plugins for Editor in 0.00 ms.
Mono: successfully reloaded assembly
- Completed reload, in  1.807 seconds
Domain Reload Profiling:
	ReloadAssembly (1815ms)
		BeginReloadAssembly (225ms)
			ExecutionOrderSort (0ms)
			DisableScriptedObjects (7ms)
			BackupInstance (0ms)
			ReleaseScriptingObjects (0ms)
			CreateAndSetChildDomain (28ms)
		EndReloadAssembly (1494ms)
			LoadAssemblies (146ms)
			RebuildTransferFunctionScriptingTraits (0ms)
			SetupTypeCache (451ms)
			ReleaseScriptCaches (1ms)
			RebuildScriptCaches (78ms)
			SetupLoadedEditorAssemblies (656ms)
				LogAssemblyErrors (0ms)
				InitializePlatformSupportModulesInManaged (5ms)
				SetLoadedEditorAssemblies (0ms)
				RefreshPlugins (82ms)
				BeforeProcessingInitializeOnLoad (123ms)
				ProcessInitializeOnLoadAttributes (407ms)
				ProcessInitializeOnLoadMethodAttributes (31ms)
				AfterProcessingInitializeOnLoad (7ms)
				EditorAssembliesLoaded (0ms)
			ExecutionOrderSort2 (0ms)
			AwakeInstancesAfterBackupRestoration (3ms)
Platform modules already initialized, skipping
========================================================================
Worker process is ready to serve import requests
Launched and connected shader compiler UnityShaderCompiler.exe after 0.11 seconds
Refreshing native plugins compatible for Editor in 1.34 ms, found 3 plugins.
Preloading 0 native plugins for Editor in 0.00 ms.
Unloading 2222 Unused Serialized files (Serialized files now loaded: 0)
System memory in use before: 99.8 MB.
System memory in use after: 99.8 MB.

Unloading 26 unused Assets to reduce memory usage. Loaded Objects now: 2662.
Total: 5.813100 ms (FindLiveObjects: 0.297800 ms CreateObjectMapping: 0.179100 ms MarkObjects: 5.205900 ms  DeleteObjects: 0.128800 ms)

AssetImportParameters requested are different than current active one (requested -> active):
  custom:framework-win-MediaFoundation: 216162199b28c13a410421893ffa2e32 -> 
  custom:video-decoder-ogg-theora: a1e56fd34408186e4bbccfd4996cb3dc -> 
  custom:container-muxer-webm: aa71ff27fc2769a1b78a27578f13a17b -> 
  custom:container-demuxer-webm: 4f35f7cbe854078d1ac9338744f61a02 -> 
  custom:container-demuxer-ogg: 62fdf1f143b41e24485cea50d1cbac27 -> 
  custom:video-encoder-webm-vp8: eb34c28f22e8b96e1ab97ce403110664 -> 
  custom:video-codec-MediaFoundation-h265: 746d11721c4dcdbdad8f713fa42b33f4 -> 
  custom:video-decoder-webm-vp8: 9c59270c3fd7afecdb556c50c9e8de78 -> 
  custom:audio-decoder-ogg-vorbis: bf7c407c2cedff20999df2af8eb42d56 -> 
  custom:audio-encoder-webm-vorbis: bf7c407c2cedff20999df2af8eb42d56 -> 
========================================================================
Received Import Request.
  path: Assets/file/bg
  artifactKey: Guid(a145f7fcb89c94847acaef05892ebd55) Importer(815301076,1909f56bfc062723c751e8b465ee728b)
Start importing Assets/file/bg using Guid(a145f7fcb89c94847acaef05892ebd55) Importer(815301076,1909f56bfc062723c751e8b465ee728b)  -> (artifact id: '2204dcacf00ff209cb6dce9831d42698') in 0.033981 seconds 
========================================================================
Received Import Request.
  Time since last request: 0.000276 seconds.
  path: Assets/file/Color/Materials
  artifactKey: Guid(76e72286c55d74444a5c4aa4b57d4a5d) Importer(815301076,1909f56bfc062723c751e8b465ee728b)
Start importing Assets/file/Color/Materials using Guid(76e72286c55d74444a5c4aa4b57d4a5d) Importer(815301076,1909f56bfc062723c751e8b465ee728b)  -> (artifact id: '0e55d1d79d7dd9963b1fd44ad73a551c') in 0.017550 seconds 
========================================================================
Received Import Request.
  Time since last request: 0.000327 seconds.
  path: Assets/file/environtment
  artifactKey: Guid(54d185376fa76df4d955cdbc9f93decc) Importer(815301076,1909f56bfc062723c751e8b465ee728b)
Start importing Assets/file/environtment using Guid(54d185376fa76df4d955cdbc9f93decc) Importer(815301076,1909f56bfc062723c751e8b465ee728b)  -> (artifact id: '74e6b8ea4b804ea3966525a402383535') in 0.016571 seconds 
========================================================================
Received Import Request.
  Time since last request: 0.000391 seconds.
  path: Assets/file/Color
  artifactKey: Guid(831c4de5910ddb640a1e6387b731a15e) Importer(815301076,1909f56bfc062723c751e8b465ee728b)
Start importing Assets/file/Color using Guid(831c4de5910ddb640a1e6387b731a15e) Importer(815301076,1909f56bfc062723c751e8b465ee728b)  -> (artifact id: 'ea49c6b1a9af7d07783b3f8b05a3067f') in 0.017624 seconds 
========================================================================
Received Import Request.
  Time since last request: 0.000381 seconds.
  path: Assets/file/PLATFORMER
  artifactKey: Guid(3c46ec8ed1ee4f14bbb20f0935009e31) Importer(815301076,1909f56bfc062723c751e8b465ee728b)
Start importing Assets/file/PLATFORMER using Guid(3c46ec8ed1ee4f14bbb20f0935009e31) Importer(815301076,1909f56bfc062723c751e8b465ee728b)  -> (artifact id: '0787a112a10a0698cfe348e865020426') in 0.017709 seconds 
========================================================================
Received Import Request.
  Time since last request: 5.210960 seconds.
  path: Assets/file/tile
  artifactKey: Guid(ac4e97dbfa738e6469942927bf4aeb65) Importer(815301076,1909f56bfc062723c751e8b465ee728b)
Start importing Assets/file/tile using Guid(ac4e97dbfa738e6469942927bf4aeb65) Importer(815301076,1909f56bfc062723c751e8b465ee728b)  -> (artifact id: '91edf2e76932c822a15a2a46a006cf1c') in 0.021066 seconds 
========================================================================
Received Import Request.
  Time since last request: 13.305122 seconds.
  path: Assets/Asset/Sprites
  artifactKey: Guid(246ac8b86fcb5e343b746cc91c08e87b) Importer(815301076,1909f56bfc062723c751e8b465ee728b)
Start importing Assets/Asset/Sprites using Guid(246ac8b86fcb5e343b746cc91c08e87b) Importer(815301076,1909f56bfc062723c751e8b465ee728b)  -> (artifact id: '810e13bba24bc6ba4ba60b564cceb689') in 0.020831 seconds 
========================================================================
Received Prepare
Registering precompiled user dll's ...
Registered in 0.004343 seconds.
Begin MonoManager ReloadAssembly
Native extension for WindowsStandalone target not found
Refreshing native plugins compatible for Editor in 0.74 ms, found 3 plugins.
Preloading 0 native plugins for Editor in 0.00 ms.
Mono: successfully reloaded assembly
- Completed reload, in  1.649 seconds
Domain Reload Profiling:
	ReloadAssembly (1650ms)
		BeginReloadAssembly (182ms)
			ExecutionOrderSort (0ms)
			DisableScriptedObjects (10ms)
			BackupInstance (0ms)
			ReleaseScriptingObjects (0ms)
			CreateAndSetChildDomain (56ms)
		EndReloadAssembly (1374ms)
			LoadAssemblies (160ms)
			RebuildTransferFunctionScriptingTraits (0ms)
			SetupTypeCache (482ms)
			ReleaseScriptCaches (1ms)
			RebuildScriptCaches (67ms)
			SetupLoadedEditorAssemblies (530ms)
				LogAssemblyErrors (0ms)
				InitializePlatformSupportModulesInManaged (7ms)
				SetLoadedEditorAssemblies (1ms)
				RefreshPlugins (1ms)
				BeforeProcessingInitializeOnLoad (154ms)
				ProcessInitializeOnLoadAttributes (338ms)
				ProcessInitializeOnLoadMethodAttributes (22ms)
				AfterProcessingInitializeOnLoad (6ms)
				EditorAssembliesLoaded (0ms)
			ExecutionOrderSort2 (0ms)
			AwakeInstancesAfterBackupRestoration (8ms)
Platform modules already initialized, skipping
Refreshing native plugins compatible for Editor in 0.74 ms, found 3 plugins.
Preloading 0 native plugins for Editor in 0.00 ms.
Unloading 2199 Unused Serialized files (Serialized files now loaded: 0)
System memory in use before: 98.0 MB.
System memory in use after: 98.1 MB.

Unloading 15 unused Assets to reduce memory usage. Loaded Objects now: 2665.
Total: 4.575400 ms (FindLiveObjects: 0.257700 ms CreateObjectMapping: 0.081300 ms MarkObjects: 4.149500 ms  DeleteObjects: 0.085500 ms)

AssetImportParameters requested are different than current active one (requested -> active):
  custom:framework-win-MediaFoundation: 216162199b28c13a410421893ffa2e32 -> 
  custom:video-decoder-ogg-theora: a1e56fd34408186e4bbccfd4996cb3dc -> 
  custom:container-muxer-webm: aa71ff27fc2769a1b78a27578f13a17b -> 
  custom:container-demuxer-webm: 4f35f7cbe854078d1ac9338744f61a02 -> 
  custom:container-demuxer-ogg: 62fdf1f143b41e24485cea50d1cbac27 -> 
  custom:video-encoder-webm-vp8: eb34c28f22e8b96e1ab97ce403110664 -> 
  custom:video-codec-MediaFoundation-h265: 746d11721c4dcdbdad8f713fa42b33f4 -> 
  custom:video-decoder-webm-vp8: 9c59270c3fd7afecdb556c50c9e8de78 -> 
  custom:audio-decoder-ogg-vorbis: bf7c407c2cedff20999df2af8eb42d56 -> 
  custom:audio-encoder-webm-vorbis: bf7c407c2cedff20999df2af8eb42d56 -> 
========================================================================
Received Import Request.
  Time since last request: 330.373596 seconds.
  path: Assets/Images/Idle_0000.prefab
  artifactKey: Guid(40892e51408ee5749bb34afec3cad2b8) Importer(815301076,1909f56bfc062723c751e8b465ee728b)
Start importing Assets/Images/Idle_0000.prefab using Guid(40892e51408ee5749bb34afec3cad2b8) Importer(815301076,1909f56bfc062723c751e8b465ee728b)  -> (artifact id: '3e2183e0c7be89a71ad50247905c736c') in 0.273815 seconds 
========================================================================
Received Import Request.
  Time since last request: 1210.755925 seconds.
  path: Assets/scripts/new.cs
  artifactKey: Guid(71937ee8fd714334190248a644ea8574) Importer(815301076,1909f56bfc062723c751e8b465ee728b)
Start importing Assets/scripts/new.cs using Guid(71937ee8fd714334190248a644ea8574) Importer(815301076,1909f56bfc062723c751e8b465ee728b)  -> (artifact id: 'bb37ddfcba813f9c4882b74c2b5e80b8') in 0.056207 seconds 
========================================================================
Received Import Request.
  Time since last request: 19693.141504 seconds.
  path: Assets/Animation/ezgif.com-gif-maker.gif
  artifactKey: Guid(a70ef6f9fdf38804bb1ca1b2ed4ed00e) Importer(815301076,1909f56bfc062723c751e8b465ee728b)
Start importing Assets/Animation/ezgif.com-gif-maker.gif using Guid(a70ef6f9fdf38804bb1ca1b2ed4ed00e) Importer(815301076,1909f56bfc062723c751e8b465ee728b)  -> (artifact id: '4744e31387f4c4e81569067cd27d3598') in 0.070607 seconds 
========================================================================
Received Import Request.
  Time since last request: 59.112614 seconds.
  path: Assets/Cutscene_1.playable
  artifactKey: Guid(3fad437d9b354454fab2e23647e84965) Importer(815301076,1909f56bfc062723c751e8b465ee728b)
Start importing Assets/Cutscene_1.playable using Guid(3fad437d9b354454fab2e23647e84965) Importer(815301076,1909f56bfc062723c751e8b465ee728b)  -> (artifact id: 'f7e41ca5f25229d47c549591efa8968e') in 0.041619 seconds 
========================================================================
Received Import Request.
  Time since last request: 38.367153 seconds.
  path: Assets/Book Story Animation
  artifactKey: Guid(f55e4ec986c68c64b8deb6bf950e4fd7) Importer(815301076,1909f56bfc062723c751e8b465ee728b)
Start importing Assets/Book Story Animation using Guid(f55e4ec986c68c64b8deb6bf950e4fd7) Importer(815301076,1909f56bfc062723c751e8b465ee728b)  -> (artifact id: '9d2961d667f74ab04bc6fc46dc87636c') in 0.011187 seconds 
========================================================================
Received Import Request.
  Time since last request: 0.049402 seconds.
  path: Assets/Book Story Animation/01.png
  artifactKey: Guid(166bc6b57a91556478240be05cf3e405) Importer(815301076,1909f56bfc062723c751e8b465ee728b)
Start importing Assets/Book Story Animation/01.png using Guid(166bc6b57a91556478240be05cf3e405) Importer(815301076,1909f56bfc062723c751e8b465ee728b)  -> (artifact id: '830710d903d26f8b64cf0eb079220e10') in 0.028085 seconds 
========================================================================
Received Import Request.
  Time since last request: 0.000450 seconds.
  path: Assets/Book Story Animation/09.png
  artifactKey: Guid(18e931adf160fe4428fff1927ab9279a) Importer(815301076,1909f56bfc062723c751e8b465ee728b)
Start importing Assets/Book Story Animation/09.png using Guid(18e931adf160fe4428fff1927ab9279a) Importer(815301076,1909f56bfc062723c751e8b465ee728b)  -> (artifact id: 'ad1efa2feca87ec01beb40c0fb221a3a') in 0.023922 seconds 
========================================================================
Received Import Request.
  Time since last request: 0.000319 seconds.
  path: Assets/Book Story Animation/13.png
  artifactKey: Guid(38d5779512c482140968962172ea97a2) Importer(815301076,1909f56bfc062723c751e8b465ee728b)
Start importing Assets/Book Story Animation/13.png using Guid(38d5779512c482140968962172ea97a2) Importer(815301076,1909f56bfc062723c751e8b465ee728b)  -> (artifact id: 'be4573e7843065d6e5502beaec2f1866') in 0.024657 seconds 
========================================================================
Received Import Request.
  Time since last request: 0.000386 seconds.
  path: Assets/Book Story Animation/12.png
  artifactKey: Guid(7db830cb56ed9e34baa9cde48c24ddb5) Importer(815301076,1909f56bfc062723c751e8b465ee728b)
Start importing Assets/Book Story Animation/12.png using Guid(7db830cb56ed9e34baa9cde48c24ddb5) Importer(815301076,1909f56bfc062723c751e8b465ee728b)  -> (artifact id: 'bec172abe30354d899abc7535ae0c065') in 0.023480 seconds 
========================================================================
Received Import Request.
  Time since last request: 0.000310 seconds.
  path: Assets/Book Story Animation/16.png
  artifactKey: Guid(c263cff4bae11a94697d580a30f10868) Importer(815301076,1909f56bfc062723c751e8b465ee728b)
Start importing Assets/Book Story Animation/16.png using Guid(c263cff4bae11a94697d580a30f10868) Importer(815301076,1909f56bfc062723c751e8b465ee728b)  -> (artifact id: 'f0f65b8d423fc416cdd2fb4276d1888d') in 0.026111 seconds 
========================================================================
Received Import Request.
  Time since last request: 0.000359 seconds.
  path: Assets/Book Story Animation/17.png
  artifactKey: Guid(db387adc850c31e48b8e68231b9f2e7e) Importer(815301076,1909f56bfc062723c751e8b465ee728b)
Start importing Assets/Book Story Animation/17.png using Guid(db387adc850c31e48b8e68231b9f2e7e) Importer(815301076,1909f56bfc062723c751e8b465ee728b)  -> (artifact id: 'cce53f860a0dbcd1de6d8459ae794865') in 0.026089 seconds 
========================================================================
Received Import Request.
  Time since last request: 0.000225 seconds.
  path: Assets/Book Story Animation/11.png
  artifactKey: Guid(3f63bab5fef430347990d1b8301f1750) Importer(815301076,1909f56bfc062723c751e8b465ee728b)
Start importing Assets/Book Story Animation/11.png using Guid(3f63bab5fef430347990d1b8301f1750) Importer(815301076,1909f56bfc062723c751e8b465ee728b)  -> (artifact id: 'a3a5b10c61f8844a52ccb08a22ebdc4d') in 0.023206 seconds 
========================================================================
Received Import Request.
  Time since last request: 0.000295 seconds.
  path: Assets/Book Story Animation/14.png
  artifactKey: Guid(b0a76a157d3a9054db859dd964667102) Importer(815301076,1909f56bfc062723c751e8b465ee728b)
Start importing Assets/Book Story Animation/14.png using Guid(b0a76a157d3a9054db859dd964667102) Importer(815301076,1909f56bfc062723c751e8b465ee728b)  -> (artifact id: '1a08e02a65546806c413cdfa9b2c963d') in 0.023904 seconds 
========================================================================
Received Import Request.
  Time since last request: 0.000266 seconds.
  path: Assets/Book Story Animation/18.png
  artifactKey: Guid(2bbe7cffabffb59408edf7122b80447e) Importer(815301076,1909f56bfc062723c751e8b465ee728b)
Start importing Assets/Book Story Animation/18.png using Guid(2bbe7cffabffb59408edf7122b80447e) Importer(815301076,1909f56bfc062723c751e8b465ee728b)  -> (artifact id: 'b7876837b36915299a1b181c431fd0e0') in 0.025128 seconds 
========================================================================
Received Import Request.
  Time since last request: 0.000253 seconds.
  path: Assets/Book Story Animation/10.png
  artifactKey: Guid(1d74f87a19d462949954523b4151fcd8) Importer(815301076,1909f56bfc062723c751e8b465ee728b)
Start importing Assets/Book Story Animation/10.png using Guid(1d74f87a19d462949954523b4151fcd8) Importer(815301076,1909f56bfc062723c751e8b465ee728b)  -> (artifact id: 'b379eb74867b47e0b1673615dfc352b9') in 0.024171 seconds 
========================================================================
Received Import Request.
  Time since last request: 0.000263 seconds.
  path: Assets/Book Story Animation/06.png
  artifactKey: Guid(71dc71853251f844586fb5af6cc4bfad) Importer(815301076,1909f56bfc062723c751e8b465ee728b)
Start importing Assets/Book Story Animation/06.png using Guid(71dc71853251f844586fb5af6cc4bfad) Importer(815301076,1909f56bfc062723c751e8b465ee728b)  -> (artifact id: '624c3e6819c6a1f2b6cd5fe707b63fcf') in 0.026467 seconds 
========================================================================
Received Import Request.
  Time since last request: 0.000236 seconds.
  path: Assets/Book Story Animation/04.png
  artifactKey: Guid(a8d596b1b48712342a4907bd8dea47de) Importer(815301076,1909f56bfc062723c751e8b465ee728b)
Start importing Assets/Book Story Animation/04.png using Guid(a8d596b1b48712342a4907bd8dea47de) Importer(815301076,1909f56bfc062723c751e8b465ee728b)  -> (artifact id: '9b30f7e71a2dfa5bf8bb885bdc046871') in 0.023595 seconds 
========================================================================
Received Import Request.
  Time since last request: 0.000335 seconds.
  path: Assets/Book Story Animation/08.png
  artifactKey: Guid(dc24efbff24b21942b6b3c6de1c233e4) Importer(815301076,1909f56bfc062723c751e8b465ee728b)
Start importing Assets/Book Story Animation/08.png using Guid(dc24efbff24b21942b6b3c6de1c233e4) Importer(815301076,1909f56bfc062723c751e8b465ee728b)  -> (artifact id: '0633fbc4143a03f8bba8d0d1d42570f0') in 0.023061 seconds 
========================================================================
Received Import Request.
  Time since last request: 0.000322 seconds.
  path: Assets/Book Story Animation/03.png
  artifactKey: Guid(8d2e7c1ee6b56ba49a4f2b4572dbfbdb) Importer(815301076,1909f56bfc062723c751e8b465ee728b)
Start importing Assets/Book Story Animation/03.png using Guid(8d2e7c1ee6b56ba49a4f2b4572dbfbdb) Importer(815301076,1909f56bfc062723c751e8b465ee728b)  -> (artifact id: '7d7516a0f3167ccd0028ecc714ab90c3') in 0.024632 seconds 
========================================================================
Received Import Request.
  Time since last request: 0.000348 seconds.
  path: Assets/Book Story Animation/07.png
  artifactKey: Guid(801c75210ab1cf44995b5cce2ae77a71) Importer(815301076,1909f56bfc062723c751e8b465ee728b)
Start importing Assets/Book Story Animation/07.png using Guid(801c75210ab1cf44995b5cce2ae77a71) Importer(815301076,1909f56bfc062723c751e8b465ee728b)  -> (artifact id: 'aab4e5d5c4238acd4abbd7052eda9e74') in 0.024051 seconds 
========================================================================
Received Import Request.
  Time since last request: 0.000242 seconds.
  path: Assets/Book Story Animation/15.png
  artifactKey: Guid(02527706d792e4241bc90a36d3d13652) Importer(815301076,1909f56bfc062723c751e8b465ee728b)
Start importing Assets/Book Story Animation/15.png using Guid(02527706d792e4241bc90a36d3d13652) Importer(815301076,1909f56bfc062723c751e8b465ee728b)  -> (artifact id: '65a428f89e55c0a55ee951072ad075f8') in 0.022822 seconds 
========================================================================
Received Import Request.
  Time since last request: 0.000280 seconds.
  path: Assets/Book Story Animation/02.png
  artifactKey: Guid(d06367a9934a7264a87e148010864fe8) Importer(815301076,1909f56bfc062723c751e8b465ee728b)
Start importing Assets/Book Story Animation/02.png using Guid(d06367a9934a7264a87e148010864fe8) Importer(815301076,1909f56bfc062723c751e8b465ee728b)  -> (artifact id: 'ce94103f27ac3b1e23b55345013a847c') in 0.025972 seconds 
========================================================================
Received Import Request.
  Time since last request: 0.000318 seconds.
  path: Assets/Book Story Animation/05.png
  artifactKey: Guid(8f1f3f7cb285b3843a2b43f8550c4d66) Importer(815301076,1909f56bfc062723c751e8b465ee728b)
Start importing Assets/Book Story Animation/05.png using Guid(8f1f3f7cb285b3843a2b43f8550c4d66) Importer(815301076,1909f56bfc062723c751e8b465ee728b)  -> (artifact id: '02c37615cf32f600f9c41588095067f7') in 0.023864 seconds 
========================================================================
Received Import Request.
  Time since last request: 466.685473 seconds.
  path: Assets/Timeline.playable
  artifactKey: Guid(6df198e57e15e9441bfda56784846eb4) Importer(815301076,1909f56bfc062723c751e8b465ee728b)
Start importing Assets/Timeline.playable using Guid(6df198e57e15e9441bfda56784846eb4) Importer(815301076,1909f56bfc062723c751e8b465ee728b)  -> (artifact id: '419868910e9d5b9f2fe053b77eb91c12') in 0.016746 seconds 
========================================================================
Received Prepare
Registering precompiled user dll's ...
Registered in 0.002582 seconds.
Begin MonoManager ReloadAssembly
Native extension for WindowsStandalone target not found
Refreshing native plugins compatible for Editor in 0.57 ms, found 3 plugins.
Preloading 0 native plugins for Editor in 0.00 ms.
Mono: successfully reloaded assembly
- Completed reload, in  0.883 seconds
Domain Reload Profiling:
	ReloadAssembly (883ms)
		BeginReloadAssembly (118ms)
			ExecutionOrderSort (0ms)
			DisableScriptedObjects (5ms)
			BackupInstance (0ms)
			ReleaseScriptingObjects (0ms)
			CreateAndSetChildDomain (44ms)
		EndReloadAssembly (713ms)
			LoadAssemblies (87ms)
			RebuildTransferFunctionScriptingTraits (0ms)
			SetupTypeCache (260ms)
			ReleaseScriptCaches (1ms)
			RebuildScriptCaches (40ms)
			SetupLoadedEditorAssemblies (255ms)
				LogAssemblyErrors (0ms)
				InitializePlatformSupportModulesInManaged (4ms)
				SetLoadedEditorAssemblies (0ms)
				RefreshPlugins (1ms)
				BeforeProcessingInitializeOnLoad (78ms)
				ProcessInitializeOnLoadAttributes (154ms)
				ProcessInitializeOnLoadMethodAttributes (14ms)
				AfterProcessingInitializeOnLoad (4ms)
				EditorAssembliesLoaded (0ms)
			ExecutionOrderSort2 (0ms)
			AwakeInstancesAfterBackupRestoration (4ms)
Platform modules already initialized, skipping
Refreshing native plugins compatible for Editor in 0.85 ms, found 3 plugins.
Preloading 0 native plugins for Editor in 0.00 ms.
Unloading 2199 Unused Serialized files (Serialized files now loaded: 0)
System memory in use before: 101.2 MB.
System memory in use after: 101.3 MB.

Unloading 15 unused Assets to reduce memory usage. Loaded Objects now: 2678.
Total: 3.426900 ms (FindLiveObjects: 0.247300 ms CreateObjectMapping: 0.101800 ms MarkObjects: 2.999200 ms  DeleteObjects: 0.076900 ms)

AssetImportParameters requested are different than current active one (requested -> active):
  custom:framework-win-MediaFoundation: 216162199b28c13a410421893ffa2e32 -> 
  custom:video-decoder-ogg-theora: a1e56fd34408186e4bbccfd4996cb3dc -> 
  custom:container-muxer-webm: aa71ff27fc2769a1b78a27578f13a17b -> 
  custom:container-demuxer-webm: 4f35f7cbe854078d1ac9338744f61a02 -> 
  custom:container-demuxer-ogg: 62fdf1f143b41e24485cea50d1cbac27 -> 
  custom:video-encoder-webm-vp8: eb34c28f22e8b96e1ab97ce403110664 -> 
  custom:video-codec-MediaFoundation-h265: 746d11721c4dcdbdad8f713fa42b33f4 -> 
  custom:video-decoder-webm-vp8: 9c59270c3fd7afecdb556c50c9e8de78 -> 
  custom:audio-decoder-ogg-vorbis: bf7c407c2cedff20999df2af8eb42d56 -> 
  custom:audio-encoder-webm-vorbis: bf7c407c2cedff20999df2af8eb42d56 -> 
AssetImportWorkerClient::OnTransportError - code=2 error=End of file
